<?xml version="1.0" encoding="UTF-8"?><testsuite failures="0" name="cucumber.runtime.formatter.JUnitFormatter" skipped="4" tests="4" time="0">
<testcase classname="Free CRM application testing" name="Login with correct username and correct password" time="0">
<skipped><![CDATA[Given This is a valid login test............................................undefined
]]></skipped>
</testcase>
<testcase classname="Free CRM application testing" name="Create a contact" time="0">
<skipped><![CDATA[Given This is a contact test case...........................................undefined
]]></skipped>
</testcase>
<testcase classname="Free CRM application testing" name="Create a deal" time="0">
<skipped><![CDATA[Given This is a deal test case..............................................undefined
]]></skipped>
</testcase>
<testcase classname="Free CRM application testing" name="Search a deal" time="0">
<skipped><![CDATA[Given This is a search deal test............................................undefined
]]></skipped>
</testcase>
</testsuite>
